<?xml version="1.0" encoding="UTF-8"?>
<testng-results skipped="0" failed="0" ignored="0" total="1" passed="1">
  <reporter-output>
  </reporter-output>
  <suite name="Suite" duration-ms="39" started-at="2021-01-16T19:59:55Z" finished-at="2021-01-16T19:59:55Z">
    <groups>
    </groups>
    <test name="Test" duration-ms="39" started-at="2021-01-16T19:59:55Z" finished-at="2021-01-16T19:59:55Z">
      <class name="TestCaseExecution.ExecuteCases">
        <test-method status="PASS" signature="g()[pri:0, instance:TestCaseExecution.ExecuteCases@77b52d12]" name="g" duration-ms="8" started-at="2021-01-16T19:59:55Z" finished-at="2021-01-16T19:59:55Z">
          <reporter-output>
          </reporter-output>
        </test-method> <!-- g -->
      </class> <!-- TestCaseExecution.ExecuteCases -->
    </test> <!-- Test -->
  </suite> <!-- Suite -->
</testng-results>
